# JRE version: OpenJDK Runtime Environment (17.0.2+8) (build 17.0.2+8-86)
# Java VM: OpenJDK 64-Bit Server VM (17.0.2+8-86, mixed mode, sharing, tiered, compressed oops, compressed class ptrs, g1 gc, windows-amd64)
GC Precious Log:
 CPUs: 4 total, 4 available
 Memory: 20424M
 Large Page Support: Disabled
 NUMA Support: Disabled
 Compressed Oops: Enabled (32-bit)
 Heap Region Size: 1M
 Heap Min Capacity: 8M
 Heap Initial Capacity: 320M
 Heap Max Capacity: 2G
 Pre-touch: Disabled
 Parallel Workers: 4
 Concurrent Workers: 1
 Concurrent Refinement Workers: 4
 Periodic GC: Disabled
Heap:
 garbage-first heap   total 327680K, used 92686K [0x0000000080000000, 0x0000000100000000)
  region size 1024K, 81 young (82944K), 4 survivors (4096K)
 Metaspace       used 18540K, committed 18816K, reserved 1073152K
  class space    used 2756K, committed 2880K, reserved 1048576K
GC Heap History (6 events):
Event: 6.281 GC heap before
{Heap before GC invocations=0 (full 0):
 garbage-first heap   total 327680K, used 20480K [0x0000000080000000, 0x0000000100000000)
  region size 1024K, 16 young (16384K), 0 survivors (0K)
 Metaspace       used 1413K, committed 1600K, reserved 1056768K
  class space    used 130K, committed 192K, reserved 1048576K
}
Event: 6.315 GC heap after
{Heap after GC invocations=1 (full 0):
 garbage-first heap   total 327680K, used 9663K [0x0000000080000000, 0x0000000100000000)
  region size 1024K, 2 young (2048K), 2 survivors (2048K)
 Metaspace       used 1413K, committed 1600K, reserved 1056768K
  class space    used 130K, committed 192K, reserved 1048576K
}
Event: 7.251 GC heap before
{Heap before GC invocations=1 (full 0):
 garbage-first heap   total 327680K, used 23999K [0x0000000080000000, 0x0000000100000000)
  region size 1024K, 16 young (16384K), 2 survivors (2048K)
 Metaspace       used 3849K, committed 4032K, reserved 1056768K
  class space    used 476K, committed 576K, reserved 1048576K
}
Event: 7.253 GC heap after
{Heap after GC invocations=2 (full 0):
 garbage-first heap   total 327680K, used 10707K [0x0000000080000000, 0x0000000100000000)
  region size 1024K, 1 young (1024K), 1 survivors (1024K)
 Metaspace       used 3849K, committed 4032K, reserved 1056768K
  class space    used 476K, committed 576K, reserved 1048576K
}
Event: 11.286 GC heap before
{Heap before GC invocations=2 (full 0):
 garbage-first heap   total 327680K, used 38355K [0x0000000080000000, 0x0000000100000000)
  region size 1024K, 27 young (27648K), 1 survivors (1024K)
 Metaspace       used 3960K, committed 4096K, reserved 1056768K
  class space    used 479K, committed 576K, reserved 1048576K
}
Event: 11.290 GC heap after
{Heap after GC invocations=3 (full 0):
 garbage-first heap   total 327680K, used 14862K [0x0000000080000000, 0x0000000100000000)
  region size 1024K, 4 young (4096K), 4 survivors (4096K)
 Metaspace       used 3960K, committed 4096K, reserved 1056768K
  class space    used 479K, committed 576K, reserved 1048576K
}

