# JRE version: OpenJDK Runtime Environment (17.0.2+8) (build 17.0.2+8-86)
# Java VM: OpenJDK 64-Bit Server VM (17.0.2+8-86, mixed mode, sharing, tiered, compressed oops, compressed class ptrs, g1 gc, windows-amd64)
GC Precious Log:
 CPUs: 4 total, 4 available
 Memory: 20424M
 Large Page Support: Disabled
 NUMA Support: Disabled
 Compressed Oops: Enabled (32-bit)
 Heap Region Size: 1M
 Heap Min Capacity: 8M
 Heap Initial Capacity: 320M
 Heap Max Capacity: 2G
 Pre-touch: Disabled
 Parallel Workers: 4
 Concurrent Workers: 1
 Concurrent Refinement Workers: 4
 Periodic GC: Disabled
Heap:
 garbage-first heap   total 419840K, used 221238K [0x0000000080000000, 0x0000000100000000)
  region size 1024K, 3 young (3072K), 3 survivors (3072K)
 Metaspace       used 178295K, committed 180416K, reserved 1212416K
  class space    used 22352K, committed 23360K, reserved 1048576K
GC Heap History (20 events):
Event: 22774.081 GC heap after
{Heap after GC invocations=127 (full 3):
 garbage-first heap   total 419840K, used 161687K [0x0000000080000000, 0x0000000100000000)
  region size 1024K, 2 young (2048K), 2 survivors (2048K)
 Metaspace       used 161247K, committed 163136K, reserved 1196032K
  class space    used 20149K, committed 21056K, reserved 1048576K
}
Event: 22775.188 GC heap before
{Heap before GC invocations=127 (full 3):
 garbage-first heap   total 419840K, used 262039K [0x0000000080000000, 0x0000000100000000)
  region size 1024K, 101 young (103424K), 2 survivors (2048K)
 Metaspace       used 167189K, committed 168960K, reserved 1196032K
  class space    used 20976K, committed 21824K, reserved 1048576K
}
Event: 22775.198 GC heap after
{Heap after GC invocations=128 (full 3):
 garbage-first heap   total 419840K, used 169449K [0x0000000080000000, 0x0000000100000000)
  region size 1024K, 10 young (10240K), 10 survivors (10240K)
 Metaspace       used 167189K, committed 168960K, reserved 1196032K
  class space    used 20976K, committed 21824K, reserved 1048576K
}
Event: 22777.009 GC heap before
{Heap before GC invocations=129 (full 3):
 garbage-first heap   total 419840K, used 356841K [0x0000000080000000, 0x0000000100000000)
  region size 1024K, 171 young (175104K), 10 survivors (10240K)
 Metaspace       used 173609K, committed 175552K, reserved 1204224K
  class space    used 21803K, committed 22720K, reserved 1048576K
}
Event: 22777.034 GC heap after
{Heap after GC invocations=130 (full 3):
 garbage-first heap   total 419840K, used 209470K [0x0000000080000000, 0x0000000100000000)
  region size 1024K, 22 young (22528K), 22 survivors (22528K)
 Metaspace       used 173609K, committed 175552K, reserved 1204224K
  class space    used 21803K, committed 22720K, reserved 1048576K
}
Event: 22777.037 GC heap before
{Heap before GC invocations=130 (full 3):
 garbage-first heap   total 419840K, used 210494K [0x0000000080000000, 0x0000000100000000)
  region size 1024K, 23 young (23552K), 22 survivors (22528K)
 Metaspace       used 173609K, committed 175552K, reserved 1204224K
  class space    used 21803K, committed 22720K, reserved 1048576K
}
Event: 22777.063 GC heap after
{Heap after GC invocations=131 (full 3):
 garbage-first heap   total 419840K, used 209940K [0x0000000080000000, 0x0000000100000000)
  region size 1024K, 1 young (1024K), 1 survivors (1024K)
 Metaspace       used 173609K, committed 175552K, reserved 1204224K
  class space    used 21803K, committed 22720K, reserved 1048576K
}
Event: 22811.503 GC heap before
{Heap before GC invocations=131 (full 3):
 garbage-first heap   total 419840K, used 341012K [0x0000000080000000, 0x0000000100000000)
  region size 1024K, 129 young (132096K), 1 survivors (1024K)
 Metaspace       used 178061K, committed 180160K, reserved 1212416K
  class space    used 22351K, committed 23360K, reserved 1048576K
}
Event: 22811.517 GC heap after
{Heap after GC invocations=132 (full 3):
 garbage-first heap   total 419840K, used 219977K [0x0000000080000000, 0x0000000100000000)
  region size 1024K, 11 young (11264K), 11 survivors (11264K)
 Metaspace       used 178061K, committed 180160K, reserved 1212416K
  class space    used 22351K, committed 23360K, reserved 1048576K
}
Event: 22818.039 GC heap before
{Heap before GC invocations=133 (full 3):
 garbage-first heap   total 419840K, used 345929K [0x0000000080000000, 0x0000000100000000)
  region size 1024K, 131 young (134144K), 11 survivors (11264K)
 Metaspace       used 178282K, committed 180352K, reserved 1212416K
  class space    used 22354K, committed 23360K, reserved 1048576K
}
Event: 22818.047 GC heap after
{Heap after GC invocations=134 (full 3):
 garbage-first heap   total 419840K, used 223887K [0x0000000080000000, 0x0000000100000000)
  region size 1024K, 3 young (3072K), 3 survivors (3072K)
 Metaspace       used 178282K, committed 180352K, reserved 1212416K
  class space    used 22354K, committed 23360K, reserved 1048576K
}
Event: 22818.109 GC heap before
{Heap before GC invocations=134 (full 3):
 garbage-first heap   total 419840K, used 240271K [0x0000000080000000, 0x0000000100000000)
  region size 1024K, 20 young (20480K), 3 survivors (3072K)
 Metaspace       used 178285K, committed 180352K, reserved 1212416K
  class space    used 22354K, committed 23360K, reserved 1048576K
}
Event: 22818.114 GC heap after
{Heap after GC invocations=135 (full 3):
 garbage-first heap   total 419840K, used 223719K [0x0000000080000000, 0x0000000100000000)
  region size 1024K, 1 young (1024K), 1 survivors (1024K)
 Metaspace       used 178285K, committed 180352K, reserved 1212416K
  class space    used 22354K, committed 23360K, reserved 1048576K
}
Event: 22818.441 GC heap before
{Heap before GC invocations=135 (full 3):
 garbage-first heap   total 419840K, used 350695K [0x0000000080000000, 0x0000000100000000)
  region size 1024K, 125 young (128000K), 1 survivors (1024K)
 Metaspace       used 178298K, committed 180416K, reserved 1212416K
  class space    used 22354K, committed 23360K, reserved 1048576K
}
Event: 22818.443 GC heap after
{Heap after GC invocations=136 (full 3):
 garbage-first heap   total 419840K, used 223916K [0x0000000080000000, 0x0000000100000000)
  region size 1024K, 1 young (1024K), 1 survivors (1024K)
 Metaspace       used 178298K, committed 180416K, reserved 1212416K
  class space    used 22354K, committed 23360K, reserved 1048576K
}
Event: 22818.960 GC heap before
{Heap before GC invocations=137 (full 3):
 garbage-first heap   total 419840K, used 353964K [0x0000000080000000, 0x0000000100000000)
  region size 1024K, 129 young (132096K), 1 survivors (1024K)
 Metaspace       used 178295K, committed 180416K, reserved 1212416K
  class space    used 22352K, committed 23360K, reserved 1048576K
}
Event: 22818.964 GC heap after
{Heap after GC invocations=138 (full 3):
 garbage-first heap   total 419840K, used 223613K [0x0000000080000000, 0x0000000100000000)
  region size 1024K, 2 young (2048K), 2 survivors (2048K)
 Metaspace       used 178295K, committed 180416K, reserved 1212416K
  class space    used 22352K, committed 23360K, reserved 1048576K
}
Event: 22818.995 GC heap before
{Heap before GC invocations=138 (full 3):
 garbage-first heap   total 419840K, used 242045K [0x0000000080000000, 0x0000000100000000)
  region size 1024K, 20 young (20480K), 2 survivors (2048K)
 Metaspace       used 178295K, committed 180416K, reserved 1212416K
  class space    used 22352K, committed 23360K, reserved 1048576K
}
Event: 22818.998 GC heap after
{Heap after GC invocations=139 (full 3):
 garbage-first heap   total 419840K, used 219988K [0x0000000080000000, 0x0000000100000000)
  region size 1024K, 2 young (2048K), 2 survivors (2048K)
 Metaspace       used 178295K, committed 180416K, reserved 1212416K
  class space    used 22352K, committed 23360K, reserved 1048576K
}
Event: 22819.249 GC heap before
{Heap before GC invocations=139 (full 3):
 garbage-first heap   total 419840K, used 358228K [0x0000000080000000, 0x0000000100000000)
  region size 1024K, 137 young (140288K), 2 survivors (2048K)
 Metaspace       used 178295K, committed 180416K, reserved 1212416K
  class space    used 22352K, committed 23360K, reserved 1048576K
}

